<?xml version="1.0" encoding="UTF-8"?>
<testng-results ignored="0" total="1" passed="1" failed="0" skipped="0">
  <reporter-output>
  </reporter-output>
  <suite started-at="2025-12-05T12:08:49 IST" name="Default suite" finished-at="2025-12-05T12:09:01 IST" duration-ms="11571">
    <groups>
    </groups>
    <test started-at="2025-12-05T12:08:49 IST" name="Default test" finished-at="2025-12-05T12:09:01 IST" duration-ms="11571">
      <class name="practice.Task1">
        <test-method is-config="true" signature="setUPReport()[pri:0, instance:practice.Task1@7fc4780b]" started-at="2025-12-05T12:08:49 IST" name="setUPReport" finished-at="2025-12-05T12:08:49 IST" duration-ms="381" status="PASS">
          <reporter-output>
          </reporter-output>
        </test-method> <!-- setUPReport -->
        <test-method is-config="true" signature="setUP()[pri:0, instance:practice.Task1@7fc4780b]" started-at="2025-12-05T12:08:49 IST" name="setUP" finished-at="2025-12-05T12:08:52 IST" duration-ms="2707" status="PASS">
          <reporter-output>
          </reporter-output>
        </test-method> <!-- setUP -->
        <test-method signature="TC01()[pri:0, instance:practice.Task1@7fc4780b]" started-at="2025-12-05T12:08:52 IST" name="TC01" finished-at="2025-12-05T12:09:01 IST" duration-ms="8503" status="PASS">
          <reporter-output>
          </reporter-output>
        </test-method> <!-- TC01 -->
        <test-method is-config="true" signature="teardown()[pri:0, instance:practice.Task1@7fc4780b]" started-at="2025-12-05T12:09:01 IST" name="teardown" finished-at="2025-12-05T12:09:01 IST" duration-ms="300" status="PASS">
          <reporter-output>
          </reporter-output>
        </test-method> <!-- teardown -->
        <test-method is-config="true" signature="tear()[pri:0, instance:practice.Task1@7fc4780b]" started-at="2025-12-05T12:09:01 IST" name="tear" finished-at="2025-12-05T12:09:03 IST" duration-ms="1998" status="PASS">
          <reporter-output>
          </reporter-output>
        </test-method> <!-- tear -->
      </class> <!-- practice.Task1 -->
    </test> <!-- Default test -->
  </suite> <!-- Default suite -->
</testng-results>
